#
# A fatal error has been detected by the Java Runtime Environment:
#
#  EXCEPTION_ACCESS_VIOLATION (0xc0000005) at pc=0x000000006e028f45, pid=7516, tid=12108
#
# JRE version: Java(TM) SE Runtime Environment (8.0_91-b15) (build 1.8.0_91-b15)
# Java VM: Java HotSpot(TM) 64-Bit Server VM (25.91-b15 mixed mode windows-amd64 compressed oops)
# Problematic frame:
# V  [jvm.dll+0x128f45]
#
# Failed to write core dump. Minidumps are not enabled by default on client versions of Windows
#
# If you would like to submit a bug report, please visit:
#   http://bugreport.java.com/bugreport/crash.jsp
#

---------------  T H R E A D  ---------------

Current thread (0x0000000016f73000):  JavaThread "JDWP Transport Listener: dt_socket" daemon [_thread_in_vm, id=12108, stack(0x0000000018900000,0x0000000018a00000)]

siginfo: ExceptionCode=0xc0000005, reading address 0x0000003b00003b6e

Registers:
RAX=0x00000000189ff601, RBX=0x0000000016f73000, RCX=0x0000003b00003b6e, RDX=0x0000000000000000
RSP=0x00000000189ff640, RBP=0x0000003b00003b6e, RSI=0x00000000189ff758, RDI=0x000000000221cba0
R8 =0x0000000016f73000, R9 =0x0000000000008000, R10=0x0000000000000000, R11=0x00000000189ff962
R12=0x0000000000000000, R13=0x0000000016f73f48, R14=0x0000000000000000, R15=0x0000000000000000
RIP=0x000000006e028f45, EFLAGS=0x0000000000010202

Top of Stack: (sp=0x00000000189ff640)
0x00000000189ff640:   0000000016f73000 0000000016f73000
0x00000000189ff650:   00000000189ff708 000000006e22f32b
0x00000000189ff660:   0000000016f73000 000000006e24bb8d
0x00000000189ff670:   0000000000000000 000000006f219155
0x00000000189ff680:   0000000019568968 000000006f22291e
0x00000000189ff690:   0000000016f73000 0000000000000000
0x00000000189ff6a0:   0000000000000000 0000000000000000
0x00000000189ff6b0:   0000003b00003b6e 000000006f221a15
0x00000000189ff6c0:   00000000189ff758 00000000189ff730
0x00000000189ff6d0:   0000000000000001 0000000019568968
0x00000000189ff6e0:   0000003b00003b6e 000000006f2053b3
0x00000000189ff6f0:   00000000189ff820 0000000000000001
0x00000000189ff700:   0000000000000001 0000000019568968
0x00000000189ff710:   0000000000000009 0000000000000000
0x00000000189ff720:   0000000000000000 0000000000000000
0x00000000189ff730:   0000000000000001 000000006f205571 

Instructions: (pc=0x000000006e028f45)
0x000000006e028f25:   cc cc cc cc cc cc cc cc cc cc cc 48 83 ec 28 48
0x000000006e028f35:   85 c9 75 07 33 c0 48 83 c4 28 c3 48 89 5c 24 20
0x000000006e028f45:   48 8b 19 48 85 db 74 20 48 83 fb 37 74 1a 48 8b
0x000000006e028f55:   13 48 8b cb ff 52 10 84 c0 74 0d 48 8b c3 48 8b 


Register to memory mapping:

RAX=0x00000000189ff601 is pointing into the stack for thread: 0x0000000016f73000
RBX=0x0000000016f73000 is a thread
RCX=0x0000003b00003b6e is an unknown value
RDX=0x0000000000000000 is an unknown value
RSP=0x00000000189ff640 is pointing into the stack for thread: 0x0000000016f73000
RBP=0x0000003b00003b6e is an unknown value
RSI=0x00000000189ff758 is pointing into the stack for thread: 0x0000000016f73000
RDI=0x000000000221cba0 is an unknown value
R8 =0x0000000016f73000 is a thread
R9 =0x0000000000008000 is an unknown value
R10=0x0000000000000000 is an unknown value
R11=0x00000000189ff962 is pointing into the stack for thread: 0x0000000016f73000
R12=0x0000000000000000 is an unknown value
R13=0x0000000016f73f48 is an unknown value
R14=0x0000000000000000 is an unknown value
R15=0x0000000000000000 is an unknown value


Stack: [0x0000000018900000,0x0000000018a00000],  sp=0x00000000189ff640,  free space=1021k
Native frames: (J=compiled Java code, j=interpreted, Vv=VM code, C=native code)
V  [jvm.dll+0x128f45]
V  [jvm.dll+0x34bb8d]
C  [jdwp.dll+0x21a15]
C  [jdwp.dll+0x53b3]
C  [jdwp.dll+0x5571]
C  [jdwp.dll+0xf0a8]
C  [jdwp.dll+0x1f2d5]
C  [jdwp.dll+0x1f4aa]
V  [jvm.dll+0x1bbf38]
V  [jvm.dll+0x243ae4]
V  [jvm.dll+0x29a99a]
C  [msvcr100.dll+0x21d9f]
C  [msvcr100.dll+0x21e3b]
C  [KERNEL32.DLL+0x8364]
C  [ntdll.dll+0x670d1]


---------------  P R O C E S S  ---------------

Java Threads: ( => current thread )
  0x000000001ae36800 JavaThread "http-nio-8282-exec-3" daemon [_thread_blocked, id=13888, stack(0x0000000021520000,0x0000000021620000)]
  0x000000001ae34800 JavaThread "http-nio-8282-exec-2" daemon [_thread_blocked, id=14244, stack(0x0000000021420000,0x0000000021520000)]
  0x000000001ade6000 JavaThread "http-nio-8282-exec-1" daemon [_thread_blocked, id=15808, stack(0x0000000020100000,0x0000000020200000)]
  0x000000001ade0000 JavaThread "DestroyJavaVM" [_thread_blocked, id=14040, stack(0x00000000023b0000,0x00000000024b0000)]
  0x000000001ade5800 JavaThread "http-nio-8282-AsyncTimeout" daemon [_thread_blocked, id=4592, stack(0x0000000020000000,0x0000000020100000)]
  0x000000001ade4800 JavaThread "http-nio-8282-Acceptor-0" daemon [_thread_in_native, id=3688, stack(0x000000001ff00000,0x0000000020000000)]
  0x000000001ade1000 JavaThread "http-nio-8282-ClientPoller-1" daemon [_thread_in_native, id=10388, stack(0x000000001fe00000,0x000000001ff00000)]
  0x000000001ade7000 JavaThread "http-nio-8282-ClientPoller-0" daemon [_thread_in_native, id=17260, stack(0x000000001fd00000,0x000000001fe00000)]
  0x000000001ade4000 JavaThread "NioBlockingSelector.BlockPoller-1" daemon [_thread_in_native, id=13108, stack(0x000000001fc00000,0x000000001fd00000)]
  0x000000001ade2800 JavaThread "container-0" [_thread_blocked, id=18272, stack(0x000000001fb00000,0x000000001fc00000)]
  0x000000001ade1800 JavaThread "ContainerBackgroundProcessor[StandardEngine[Tomcat]]" daemon [_thread_blocked, id=15900, stack(0x000000001fa00000,0x000000001fb00000)]
  0x0000000019505000 JavaThread "RMI TCP Accept-0" daemon [_thread_in_native, id=18248, stack(0x0000000019e00000,0x0000000019f00000)]
  0x0000000019562000 JavaThread "RMI TCP Accept-60539" daemon [_thread_in_native, id=2028, stack(0x0000000019d00000,0x0000000019e00000)]
  0x000000001947d000 JavaThread "RMI TCP Accept-0" daemon [_thread_in_native, id=18136, stack(0x0000000019c00000,0x0000000019d00000)]
  0x0000000018f45000 JavaThread "Service Thread" daemon [_thread_blocked, id=16172, stack(0x0000000019300000,0x0000000019400000)]
  0x0000000016f8f000 JavaThread "C1 CompilerThread2" daemon [_thread_blocked, id=16444, stack(0x0000000018e00000,0x0000000018f00000)]
  0x0000000016f8d800 JavaThread "C2 CompilerThread1" daemon [_thread_blocked, id=2668, stack(0x0000000018d00000,0x0000000018e00000)]
  0x0000000016f89800 JavaThread "C2 CompilerThread0" daemon [_thread_blocked, id=11672, stack(0x0000000018c00000,0x0000000018d00000)]
  0x0000000016f7d000 JavaThread "JDWP Command Reader" daemon [_thread_in_native, id=14260, stack(0x0000000018b00000,0x0000000018c00000)]
  0x0000000016f79800 JavaThread "JDWP Event Helper Thread" daemon [_thread_blocked, id=6816, stack(0x0000000018a00000,0x0000000018b00000)]
=>0x0000000016f73000 JavaThread "JDWP Transport Listener: dt_socket" daemon [_thread_in_vm, id=12108, stack(0x0000000018900000,0x0000000018a00000)]
  0x0000000016f62800 JavaThread "Attach Listener" daemon [_thread_blocked, id=16704, stack(0x00000000184c0000,0x00000000185c0000)]
  0x0000000016f5f800 JavaThread "Signal Dispatcher" daemon [_thread_blocked, id=17636, stack(0x00000000183c0000,0x00000000184c0000)]
  0x0000000016f50000 JavaThread "Finalizer" daemon [_thread_blocked, id=14300, stack(0x00000000181b0000,0x00000000182b0000)]
  0x00000000025a2000 JavaThread "Reference Handler" daemon [_thread_blocked, id=15716, stack(0x00000000180b0000,0x00000000181b0000)]

Other Threads:
  0x0000000016f28000 VMThread [stack: 0x0000000017fb0000,0x00000000180b0000] [id=15728]
  0x000000001950a800 WatcherThread [stack: 0x0000000019f00000,0x000000001a000000] [id=15620]

VM state:not at safepoint (normal execution)

VM Mutex/Monitor currently owned by a thread: None

Heap:
 PSYoungGen      total 102912K, used 60448K [0x00000000d6b80000, 0x00000000ddf00000, 0x0000000100000000)
  eden space 93696K, 55% used [0x00000000d6b80000,0x00000000d9e00938,0x00000000dc700000)
  from space 9216K, 94% used [0x00000000dd600000,0x00000000dde87948,0x00000000ddf00000)
  to   space 11264K, 0% used [0x00000000dc900000,0x00000000dc900000,0x00000000dd400000)
 ParOldGen       total 61952K, used 12085K [0x0000000084200000, 0x0000000087e80000, 0x00000000d6b80000)
  object space 61952K, 19% used [0x0000000084200000,0x0000000084dcd7c8,0x0000000087e80000)
 Metaspace       used 33901K, capacity 34214K, committed 34560K, reserved 1079296K
  class space    used 4187K, capacity 4297K, committed 4352K, reserved 1048576K

Card table byte_map: [0x0000000011970000,0x0000000011d50000] byte_map_base: 0x000000001154f000

Marking Bits: (ParMarkBitMap*) 0x000000006e712f70
 Begin Bits: [0x00000000123f0000, 0x00000000142e8000)
 End Bits:   [0x00000000142e8000, 0x00000000161e0000)

Polling page: 0x0000000000710000

CodeCache: size=245760Kb used=11698Kb max_used=13027Kb free=234061Kb
 bounds [0x00000000025b0000, 0x0000000003290000, 0x00000000115b0000]
 total_blobs=3361 nmethods=2942 adapters=339
 compilation: enabled

Compilation events (10 events):
Event: 243.961 Thread 0x0000000016f8f000 3333       3       org.apache.catalina.webresources.CachedResource::getNextCheck (5 bytes)
Event: 243.962 Thread 0x0000000016f8f000 nmethod 3333 0x0000000002d20250 code [0x0000000002d203a0, 0x0000000002d204f0]
Event: 271.398 Thread 0x0000000016f8f000 3334       3       java.util.Collections$SetFromMap::iterator (10 bytes)
Event: 271.398 Thread 0x0000000016f8f000 nmethod 3334 0x0000000002708e90 code [0x0000000002709000, 0x0000000002709228]
Event: 273.206 Thread 0x0000000016f8f000 3335       3       org.apache.tomcat.util.net.NioBlockingSelector$BlockPoller::events (48 bytes)
Event: 273.207 Thread 0x0000000016f8f000 nmethod 3335 0x00000000026bbe90 code [0x00000000026bc040, 0x00000000026bc758]
Event: 273.207 Thread 0x0000000016f8f000 3336  s    3       org.apache.tomcat.util.collections.SynchronizedQueue::size (23 bytes)
Event: 273.207 Thread 0x0000000016f8f000 nmethod 3336 0x00000000028c18d0 code [0x00000000028c1a20, 0x00000000028c1d30]
Event: 273.962 Thread 0x0000000016f8f000 3337       1       org.apache.catalina.LifecycleEvent::getType (5 bytes)
Event: 273.963 Thread 0x0000000016f8f000 nmethod 3337 0x00000000027390d0 code [0x0000000002739220, 0x0000000002739330]

GC Heap History (10 events):
Event: 1.933 GC heap before
{Heap before GC invocations=3 (full 0):
 PSYoungGen      total 36864K, used 36849K [0x00000000d6b80000, 0x00000000db380000, 0x0000000100000000)
  eden space 31744K, 100% used [0x00000000d6b80000,0x00000000d8a80000,0x00000000d8a80000)
  from space 5120K, 99% used [0x00000000d8f80000,0x00000000d947c4f0,0x00000000d9480000)
  to   space 5120K, 0% used [0x00000000d8a80000,0x00000000d8a80000,0x00000000d8f80000)
 ParOldGen       total 84992K, used 5610K [0x0000000084200000, 0x0000000089500000, 0x00000000d6b80000)
  object space 84992K, 6% used [0x0000000084200000,0x000000008477a868,0x0000000089500000)
 Metaspace       used 19867K, capacity 20138K, committed 20224K, reserved 1067008K
  class space    used 2478K, capacity 2524K, committed 2560K, reserved 1048576K
Event: 1.944 GC heap after
Heap after GC invocations=3 (full 0):
 PSYoungGen      total 36864K, used 5088K [0x00000000d6b80000, 0x00000000db380000, 0x0000000100000000)
  eden space 31744K, 0% used [0x00000000d6b80000,0x00000000d6b80000,0x00000000d8a80000)
  from space 5120K, 99% used [0x00000000d8a80000,0x00000000d8f78020,0x00000000d8f80000)
  to   space 5120K, 0% used [0x00000000dae80000,0x00000000dae80000,0x00000000db380000)
 ParOldGen       total 84992K, used 9745K [0x0000000084200000, 0x0000000089500000, 0x00000000d6b80000)
  object space 84992K, 11% used [0x0000000084200000,0x0000000084b84408,0x0000000089500000)
 Metaspace       used 19867K, capacity 20138K, committed 20224K, reserved 1067008K
  class space    used 2478K, capacity 2524K, committed 2560K, reserved 1048576K
}
Event: 2.141 GC heap before
{Heap before GC invocations=4 (full 0):
 PSYoungGen      total 36864K, used 18596K [0x00000000d6b80000, 0x00000000db380000, 0x0000000100000000)
  eden space 31744K, 42% used [0x00000000d6b80000,0x00000000d78b10f8,0x00000000d8a80000)
  from space 5120K, 99% used [0x00000000d8a80000,0x00000000d8f78020,0x00000000d8f80000)
  to   space 5120K, 0% used [0x00000000dae80000,0x00000000dae80000,0x00000000db380000)
 ParOldGen       total 84992K, used 9745K [0x0000000084200000, 0x0000000089500000, 0x00000000d6b80000)
  object space 84992K, 11% used [0x0000000084200000,0x0000000084b84408,0x0000000089500000)
 Metaspace       used 21001K, capacity 21238K, committed 21296K, reserved 1069056K
  class space    used 2605K, capacity 2672K, committed 2688K, reserved 1048576K
Event: 2.150 GC heap after
Heap after GC invocations=4 (full 0):
 PSYoungGen      total 68608K, used 5104K [0x00000000d6b80000, 0x00000000db380000, 0x0000000100000000)
  eden space 63488K, 0% used [0x00000000d6b80000,0x00000000d6b80000,0x00000000da980000)
  from space 5120K, 99% used [0x00000000dae80000,0x00000000db37c010,0x00000000db380000)
  to   space 5120K, 0% used [0x00000000da980000,0x00000000da980000,0x00000000dae80000)
 ParOldGen       total 84992K, used 10845K [0x0000000084200000, 0x0000000089500000, 0x00000000d6b80000)
  object space 84992K, 12% used [0x0000000084200000,0x0000000084c97740,0x0000000089500000)
 Metaspace       used 21001K, capacity 21238K, committed 21296K, reserved 1069056K
  class space    used 2605K, capacity 2672K, committed 2688K, reserved 1048576K
}
Event: 2.150 GC heap before
{Heap before GC invocations=5 (full 1):
 PSYoungGen      total 68608K, used 5104K [0x00000000d6b80000, 0x00000000db380000, 0x0000000100000000)
  eden space 63488K, 0% used [0x00000000d6b80000,0x00000000d6b80000,0x00000000da980000)
  from space 5120K, 99% used [0x00000000dae80000,0x00000000db37c010,0x00000000db380000)
  to   space 5120K, 0% used [0x00000000da980000,0x00000000da980000,0x00000000dae80000)
 ParOldGen       total 84992K, used 10845K [0x0000000084200000, 0x0000000089500000, 0x00000000d6b80000)
  object space 84992K, 12% used [0x0000000084200000,0x0000000084c97740,0x0000000089500000)
 Metaspace       used 21001K, capacity 21238K, committed 21296K, reserved 1069056K
  class space    used 2605K, capacity 2672K, committed 2688K, reserved 1048576K
Event: 2.192 GC heap after
Heap after GC invocations=5 (full 1):
 PSYoungGen      total 68608K, used 0K [0x00000000d6b80000, 0x00000000db380000, 0x0000000100000000)
  eden space 63488K, 0% used [0x00000000d6b80000,0x00000000d6b80000,0x00000000da980000)
  from space 5120K, 0% used [0x00000000dae80000,0x00000000dae80000,0x00000000db380000)
  to   space 5120K, 0% used [0x00000000da980000,0x00000000da980000,0x00000000dae80000)
 ParOldGen       total 61952K, used 9461K [0x0000000084200000, 0x0000000087e80000, 0x00000000d6b80000)
  object space 61952K, 15% used [0x0000000084200000,0x0000000084b3d418,0x0000000087e80000)
 Metaspace       used 21001K, capacity 21238K, committed 21296K, reserved 1069056K
  class space    used 2605K, capacity 2672K, committed 2688K, reserved 1048576K
}
Event: 3.461 GC heap before
{Heap before GC invocations=6 (full 1):
 PSYoungGen      total 68608K, used 63488K [0x00000000d6b80000, 0x00000000db380000, 0x0000000100000000)
  eden space 63488K, 100% used [0x00000000d6b80000,0x00000000da980000,0x00000000da980000)
  from space 5120K, 0% used [0x00000000dae80000,0x00000000dae80000,0x00000000db380000)
  to   space 5120K, 0% used [0x00000000da980000,0x00000000da980000,0x00000000dae80000)
 ParOldGen       total 61952K, used 9461K [0x0000000084200000, 0x0000000087e80000, 0x00000000d6b80000)
  object space 61952K, 15% used [0x0000000084200000,0x0000000084b3d418,0x0000000087e80000)
 Metaspace       used 26766K, capacity 27108K, committed 27264K, reserved 1073152K
  class space    used 3316K, capacity 3413K, committed 3456K, reserved 1048576K
Event: 3.480 GC heap after
Heap after GC invocations=6 (full 1):
 PSYoungGen      total 68608K, used 5115K [0x00000000d6b80000, 0x00000000de100000, 0x0000000100000000)
  eden space 63488K, 0% used [0x00000000d6b80000,0x00000000d6b80000,0x00000000da980000)
  from space 5120K, 99% used [0x00000000da980000,0x00000000dae7ec08,0x00000000dae80000)
  to   space 11264K, 0% used [0x00000000dd600000,0x00000000dd600000,0x00000000de100000)
 ParOldGen       total 61952K, used 12077K [0x0000000084200000, 0x0000000087e80000, 0x00000000d6b80000)
  object space 61952K, 19% used [0x0000000084200000,0x0000000084dcb7c8,0x0000000087e80000)
 Metaspace       used 26766K, capacity 27108K, committed 27264K, reserved 1073152K
  class space    used 3316K, capacity 3413K, committed 3456K, reserved 1048576K
}
Event: 17.610 GC heap before
{Heap before GC invocations=7 (full 1):
 PSYoungGen      total 68608K, used 68603K [0x00000000d6b80000, 0x00000000de100000, 0x0000000100000000)
  eden space 63488K, 100% used [0x00000000d6b80000,0x00000000da980000,0x00000000da980000)
  from space 5120K, 99% used [0x00000000da980000,0x00000000dae7ec08,0x00000000dae80000)
  to   space 11264K, 0% used [0x00000000dd600000,0x00000000dd600000,0x00000000de100000)
 ParOldGen       total 61952K, used 12077K [0x0000000084200000, 0x0000000087e80000, 0x00000000d6b80000)
  object space 61952K, 19% used [0x0000000084200000,0x0000000084dcb7c8,0x0000000087e80000)
 Metaspace       used 29051K, capacity 29440K, committed 29568K, reserved 1075200K
  class space    used 3607K, capacity 3711K, committed 3712K, reserved 1048576K
Event: 17.623 GC heap after
Heap after GC invocations=7 (full 1):
 PSYoungGen      total 102912K, used 8734K [0x00000000d6b80000, 0x00000000ddf00000, 0x0000000100000000)
  eden space 93696K, 0% used [0x00000000d6b80000,0x00000000d6b80000,0x00000000dc700000)
  from space 9216K, 94% used [0x00000000dd600000,0x00000000dde87948,0x00000000ddf00000)
  to   space 11264K, 0% used [0x00000000dc900000,0x00000000dc900000,0x00000000dd400000)
 ParOldGen       total 61952K, used 12085K [0x0000000084200000, 0x0000000087e80000, 0x00000000d6b80000)
  object space 61952K, 19% used [0x0000000084200000,0x0000000084dcd7c8,0x0000000087e80000)
 Metaspace       used 29051K, capacity 29440K, committed 29568K, reserved 1075200K
  class space    used 3607K, capacity 3711K, committed 3712K, reserved 1048576K
}

Deoptimization events (10 events):
Event: 40.095 Thread 0x000000001ade6000 Uncommon trap: reason=unhandled action=none pc=0x000000000306f5d4 method=java.net.URLClassLoader.findClass(Ljava/lang/String;)Ljava/lang/Class; @ 44
Event: 40.095 Thread 0x000000001ade6000 Uncommon trap: reason=unhandled action=none pc=0x000000000306f5d4 method=java.net.URLClassLoader.findClass(Ljava/lang/String;)Ljava/lang/Class; @ 44
Event: 40.096 Thread 0x000000001ade6000 Uncommon trap: reason=unhandled action=none pc=0x000000000306f5d4 method=java.net.URLClassLoader.findClass(Ljava/lang/String;)Ljava/lang/Class; @ 44
Event: 40.097 Thread 0x000000001ade6000 Uncommon trap: reason=unhandled action=none pc=0x000000000306f5d4 method=java.net.URLClassLoader.findClass(Ljava/lang/String;)Ljava/lang/Class; @ 44
Event: 40.098 Thread 0x000000001ade6000 Uncommon trap: reason=unhandled action=none pc=0x000000000306f5d4 method=java.net.URLClassLoader.findClass(Ljava/lang/String;)Ljava/lang/Class; @ 44
Event: 40.098 Thread 0x000000001ade6000 Uncommon trap: reason=unhandled action=none pc=0x000000000306f5d4 method=java.net.URLClassLoader.findClass(Ljava/lang/String;)Ljava/lang/Class; @ 44
Event: 40.100 Thread 0x000000001ade6000 Uncommon trap: reason=unhandled action=none pc=0x000000000306f5d4 method=java.net.URLClassLoader.findClass(Ljava/lang/String;)Ljava/lang/Class; @ 44
Event: 40.103 Thread 0x000000001ade6000 Uncommon trap: reason=unhandled action=none pc=0x000000000306f5d4 method=java.net.URLClassLoader.findClass(Ljava/lang/String;)Ljava/lang/Class; @ 44
Event: 40.106 Thread 0x000000001ade6000 Uncommon trap: reason=unhandled action=none pc=0x000000000306f5d4 method=java.net.URLClassLoader.findClass(Ljava/lang/String;)Ljava/lang/Class; @ 44
Event: 40.107 Thread 0x000000001ade6000 Uncommon trap: reason=unhandled action=none pc=0x000000000306f5d4 method=java.net.URLClassLoader.findClass(Ljava/lang/String;)Ljava/lang/Class; @ 44

Internal exceptions (10 events):
Event: 23.594 Thread 0x000000001ade6000 Exception <a 'java/lang/ClassNotFoundException': org/springframework/web/servlet/view/DefaultRequestToViewNameTranslatorBeanInfo> (0x00000000d8b65df8) thrown at [C:\re\workspace\8-2-build-windows-amd64-cygwin\jdk8u91\7017\hotspot\src\share\vm\classfile\sysò~ãe˜7@
Event: 23.595 Thread 0x000000001ade6000 Exception <a 'java/lang/ClassNotFoundException': org/springframework/web/servlet/view/DefaultRequestToViewNameTranslatorCustomizer> (0x00000000d8b74bb0) thrown at [C:\re\workspace\8-2-build-windows-amd64-cygwin\jdk8u91\7017\hotspot\src\share\vm\classfile\sÓj+=Õ˜7@
Event: 23.597 Thread 0x000000001ade6000 Exception <a 'java/lang/ClassNotFoundException': org/springframework/web/servlet/RequestToViewNameTranslatorCustomizer> (0x00000000d8b94750) thrown at [C:\re\workspace\8-2-build-windows-amd64-cygwin\jdk8u91\7017\hotspot\src\share\vm\classfile\systemDiction
Event: 23.603 Thread 0x000000001ade6000 Exception <a 'java/lang/ClassNotFoundException': org/springframework/web/servlet/support/SessionFlashMapManagerBeanInfo> (0x00000000d8bc77b0) thrown at [C:\re\workspace\8-2-build-windows-amd64-cygwin\jdk8u91\7017\hotspot\src\share\vm\classfile\systemDictio
Event: 23.604 Thread 0x000000001ade6000 Exception <a 'java/lang/ClassNotFoundException': org/springframework/web/servlet/support/AbstractFlashMapManagerBeanInfo> (0x00000000d8bd5500) thrown at [C:\re\workspace\8-2-build-windows-amd64-cygwin\jdk8u91\7017\hotspot\src\share\vm\classfile\systemDicti2_Ü7àš7@
Event: 23.605 Thread 0x000000001ade6000 Exception <a 'java/lang/ClassNotFoundException': org/springframework/web/servlet/support/AbstractFlashMapManagerCustomizer> (0x00000000d8be33f0) thrown at [C:\re\workspace\8-2-build-windows-amd64-cygwin\jdk8u91\7017\hotspot\src\share\vm\classfile\systemDicØ]S—,›7@
Event: 23.606 Thread 0x000000001ade6000 Exception <a 'java/lang/ClassNotFoundException': org/springframework/web/servlet/support/SessionFlashMapManagerCustomizer> (0x00000000d8bf8fd0) thrown at [C:\re\workspace\8-2-build-windows-amd64-cygwin\jdk8u91\7017\hotspot\src\share\vm\classfile\systemDict^Ôþbs›7@
Event: 23.607 Thread 0x000000001ade6000 Exception <a 'java/lang/ClassNotFoundException': org/springframework/web/servlet/FlashMapManagerCustomizer> (0x00000000d8c085b8) thrown at [C:\re\workspace\8-2-build-windows-amd64-cygwin\jdk8u91\7017\hotspot\src\share\vm\classfile\systemDictionary.cpp, lin¸BçK¡7@
Event: 23.630 Thread 0x000000001ade6000 Implicit null exception at 0x000000000319e50f to 0x00000000031b1f49
Event: 40.015 Thread 0x000000001ade6000 Exception <a 'java/lang/reflect/InvocationTargetException'> (0x00000000d96fe4e0) thrown at [C:\re\workspace\8-2-build-windows-amd64-cygwin\jdk8u91\7017\hotspot\src\share\vm\runtime\reflection.cpp, line 1092]

Events (10 events):
Event: 83.542 Thread 0x0000000016f8f000 flushing nmethod 0x0000000002e85910
Event: 83.542 Thread 0x0000000016f8f000 flushing nmethod 0x0000000002ea0c90
Event: 83.542 Thread 0x0000000016f8f000 flushing nmethod 0x0000000002ea1790
Event: 83.542 Thread 0x0000000016f8f000 flushing nmethod 0x0000000002eb5590
Event: 83.542 Thread 0x0000000016f8f000 flushing nmethod 0x0000000002eb7310
Event: 83.542 Thread 0x0000000016f8f000 flushing nmethod 0x0000000002ec73d0
Event: 83.542 Thread 0x0000000016f8f000 flushing nmethod 0x0000000002ee1790
Event: 97.134 Thread 0x0000000016f8f000 flushing nmethod 0x0000000002fe6c50
Event: 326.883 Executing VM operation: RedefineClasses
Event: 326.914 Executing VM operation: RedefineClasses done


Dynamic libraries:
0x00007ff66a520000 - 0x00007ff66a557000 	C:\Program Files\Java\jre1.8.0_91\bin\javaw.exe
0x00007ffe43c40000 - 0x00007ffe43e11000 	C:\WINDOWS\SYSTEM32\ntdll.dll
0x00007ffe43a60000 - 0x00007ffe43b0b000 	C:\WINDOWS\System32\KERNEL32.DLL
0x00007ffe40480000 - 0x00007ffe4069d000 	C:\WINDOWS\System32\KERNELBASE.dll
0x00007ffe42960000 - 0x00007ffe42a02000 	C:\WINDOWS\System32\ADVAPI32.dll
0x00007ffe439c0000 - 0x00007ffe43a5e000 	C:\WINDOWS\System32\msvcrt.dll
0x00007ffe42fa0000 - 0x00007ffe42ff9000 	C:\WINDOWS\System32\sechost.dll
0x00007ffe42780000 - 0x00007ffe428a1000 	C:\WINDOWS\System32\RPCRT4.dll
0x00007ffe43670000 - 0x00007ffe437d5000 	C:\WINDOWS\System32\USER32.dll
0x00007ffe401e0000 - 0x00007ffe401fe000 	C:\WINDOWS\System32\win32u.dll
0x00007ffe41230000 - 0x00007ffe41264000 	C:\WINDOWS\System32\GDI32.dll
0x00007ffe40860000 - 0x00007ffe409e2000 	C:\WINDOWS\System32\gdi32full.dll
0x00007ffe30470000 - 0x00007ffe306e9000 	C:\WINDOWS\WinSxS\amd64_microsoft.windows.common-controls_6595b64144ccf1df_6.0.14393.447_none_42191651c6827bb3\COMCTL32.dll
0x00007ffe43160000 - 0x00007ffe43428000 	C:\WINDOWS\System32\combase.dll
0x00007ffe410d0000 - 0x00007ffe411c5000 	C:\WINDOWS\System32\ucrtbase.dll
0x00007ffe40740000 - 0x00007ffe407aa000 	C:\WINDOWS\System32\bcryptPrimitives.dll
0x00007ffe437f0000 - 0x00007ffe4381e000 	C:\WINDOWS\System32\IMM32.DLL
0x000000006d6e0000 - 0x000000006d7b2000 	C:\Program Files\Java\jre1.8.0_91\bin\msvcr100.dll
0x000000006df00000 - 0x000000006e793000 	C:\Program Files\Java\jre1.8.0_91\bin\server\jvm.dll
0x00007ffe437e0000 - 0x00007ffe437e8000 	C:\WINDOWS\System32\PSAPI.DLL
0x00007ffe1d910000 - 0x00007ffe1d919000 	C:\WINDOWS\SYSTEM32\WSOCK32.dll
0x00007ffe32a00000 - 0x00007ffe32a0a000 	C:\WINDOWS\SYSTEM32\VERSION.dll
0x00007ffe3e5e0000 - 0x00007ffe3e603000 	C:\WINDOWS\SYSTEM32\WINMM.dll
0x00007ffe43000000 - 0x00007ffe4306a000 	C:\WINDOWS\System32\WS2_32.dll
0x00007ffe3e580000 - 0x00007ffe3e5ab000 	C:\WINDOWS\SYSTEM32\WINMMBASE.dll
0x00007ffe40200000 - 0x00007ffe40242000 	C:\WINDOWS\System32\cfgmgr32.dll
0x000000006de10000 - 0x000000006de1f000 	C:\Program Files\Java\jre1.8.0_91\bin\verify.dll
0x000000006dde0000 - 0x000000006de09000 	C:\Program Files\Java\jre1.8.0_91\bin\java.dll
0x000000006f200000 - 0x000000006f235000 	C:\Program Files\Java\jre1.8.0_91\bin\jdwp.dll
0x000000006f1f0000 - 0x000000006f1f8000 	C:\Program Files\Java\jre1.8.0_91\bin\npt.dll
0x000000006ddc0000 - 0x000000006ddd6000 	C:\Program Files\Java\jre1.8.0_91\bin\zip.dll
0x00007ffe41270000 - 0x00007ffe42779000 	C:\WINDOWS\System32\SHELL32.dll
0x00007ffe409f0000 - 0x00007ffe410ca000 	C:\WINDOWS\System32\windows.storage.dll
0x00007ffe400d0000 - 0x00007ffe4011c000 	C:\WINDOWS\System32\powrprof.dll
0x00007ffe411d0000 - 0x00007ffe41222000 	C:\WINDOWS\System32\shlwapi.dll
0x00007ffe40120000 - 0x00007ffe4012f000 	C:\WINDOWS\System32\kernel.appcore.dll
0x00007ffe40130000 - 0x00007ffe401d9000 	C:\WINDOWS\System32\shcore.dll
0x00007ffe400b0000 - 0x00007ffe400c4000 	C:\WINDOWS\System32\profapi.dll
0x000000006f1e0000 - 0x000000006f1e9000 	C:\Program Files\Java\jre1.8.0_91\bin\dt_socket.dll
0x00007ffe30a60000 - 0x00007ffe30a76000 	C:\WINDOWS\system32\napinsp.dll
0x00007ffe30980000 - 0x00007ffe3099a000 	C:\WINDOWS\system32\pnrpnsp.dll
0x00007ffe3e1f0000 - 0x00007ffe3e208000 	C:\WINDOWS\system32\NLAapi.dll
0x00007ffe3f9d0000 - 0x00007ffe3fa2c000 	C:\WINDOWS\System32\mswsock.dll
0x00007ffe3f7a0000 - 0x00007ffe3f840000 	C:\WINDOWS\SYSTEM32\DNSAPI.dll
0x00007ffe43150000 - 0x00007ffe43158000 	C:\WINDOWS\System32\NSI.dll
0x00007ffe3f760000 - 0x00007ffe3f798000 	C:\WINDOWS\SYSTEM32\IPHLPAPI.DLL
0x00007ffe30920000 - 0x00007ffe3092e000 	C:\WINDOWS\System32\winrnr.dll
0x00007ffe3dcd0000 - 0x00007ffe3dd3a000 	C:\WINDOWS\System32\fwpuclnt.dll
0x00007ffe3fc80000 - 0x00007ffe3fcab000 	C:\WINDOWS\SYSTEM32\bcrypt.dll
0x00007ffe3aa30000 - 0x00007ffe3aa3a000 	C:\Windows\System32\rasadhlp.dll
0x000000006dd30000 - 0x000000006dd3d000 	C:\Program Files\Java\jre1.8.0_91\bin\management.dll
0x000000006dda0000 - 0x000000006ddba000 	C:\Program Files\Java\jre1.8.0_91\bin\net.dll
0x000000006dd80000 - 0x000000006dd91000 	C:\Program Files\Java\jre1.8.0_91\bin\nio.dll
0x00007ffe3fb70000 - 0x00007ffe3fb87000 	C:\WINDOWS\SYSTEM32\CRYPTSP.dll
0x00007ffe3f5f0000 - 0x00007ffe3f623000 	C:\WINDOWS\system32\rsaenh.dll
0x00007ffe3f850000 - 0x00007ffe3f86f000 	C:\WINDOWS\SYSTEM32\USERENV.dll
0x00007ffe3fb90000 - 0x00007ffe3fb9b000 	C:\WINDOWS\SYSTEM32\CRYPTBASE.dll
0x00007ffe3cee0000 - 0x00007ffe3cef6000 	C:\WINDOWS\SYSTEM32\dhcpcsvc6.DLL
0x00007ffe3cdd0000 - 0x00007ffe3cdea000 	C:\WINDOWS\SYSTEM32\dhcpcsvc.DLL
0x000000006dd50000 - 0x000000006dd74000 	C:\Program Files\Java\jre1.8.0_91\bin\sunec.dll
0x00007ffe32b20000 - 0x00007ffe32cb2000 	C:\WINDOWS\SYSTEM32\dbghelp.dll

VM Arguments:
jvm_args: -agentlib:jdwp=transport=dt_socket,suspend=y,address=localhost:60540 -Dcom.sun.management.jmxremote -Dcom.sun.management.jmxremote.port=60539 -Dcom.sun.management.jmxremote.authenticate=false -Dcom.sun.management.jmxremote.ssl=false -Dspring.liveBeansView.mbeanDomain -Dspring.application.admin.enabled=true -Dfile.encoding=UTF-8 
java_command: com.codependent.mutualauth.SecureServerApplication --spring.output.ansi.enabled=always
java_class_path (initial): C:\desarrollo\2.-clientes\1.-mutua\2.-workspaces\apparq\secure-client\target\classes;C:\desarrollo\3.-software\1.-instalado\apache\maven_repository\org\springframework\boot\spring-boot-starter-web\1.5.1.RELEASE\spring-boot-starter-web-1.5.1.RELEASE.jar;C:\desarrollo\3.-software\1.-instalado\apache\maven_repository\org\springframework\boot\spring-boot-starter\1.5.1.RELEASE\spring-boot-starter-1.5.1.RELEASE.jar;C:\desarrollo\3.-software\1.-instalado\apache\maven_repository\org\springframework\boot\spring-boot\1.5.1.RELEASE\spring-boot-1.5.1.RELEASE.jar;C:\desarrollo\3.-software\1.-instalado\apache\maven_repository\org\springframework\boot\spring-boot-autoconfigure\1.5.1.RELEASE\spring-boot-autoconfigure-1.5.1.RELEASE.jar;C:\desarrollo\3.-software\1.-instalado\apache\maven_repository\org\springframework\boot\spring-boot-starter-logging\1.5.1.RELEASE\spring-boot-starter-logging-1.5.1.RELEASE.jar;C:\desarrollo\3.-software\1.-instalado\apache\maven_repository\ch\qos\logback\logback-classic\1.1.9\logback-classic-1.1.9.jar;C:\desarrollo\3.-software\1.-instalado\apache\maven_repository\ch\qos\logback\logback-core\1.1.9\logback-core-1.1.9.jar;C:\desarrollo\3.-software\1.-instalado\apache\maven_repository\org\slf4j\jcl-over-slf4j\1.7.22\jcl-over-slf4j-1.7.22.jar;C:\desarrollo\3.-software\1.-instalado\apache\maven_repository\org\slf4j\jul-to-slf4j\1.7.22\jul-to-slf4j-1.7.22.jar;C:\desarrollo\3.-software\1.-instalado\apache\maven_repository\org\slf4j\log4j-over-slf4j\1.7.22\log4j-over-slf4j-1.7.22.jar;C:\desarrollo\3.-software\1.-instalado\apache\maven_repository\org\yaml\snakeyaml\1.17\snakeyaml-1.17.jar;C:\desarrollo\3.-software\1.-instalado\apache\maven_repository\org\springframework\boot\spring-boot-starter-tomcat\1.5.1.RELEASE\spring-boot-starter-tomcat-1.5.1.RELEASE.jar;C:\desarrollo\3.-software\1.-instalado\apache\maven_repository\org\apache\tomcat\embed\tomcat-embed-core\8.5.11\tomcat-embed-core-8.5.11.jar;C:\desarrollo\3.-software\1.-instala
Launcher Type: SUN_STANDARD

Environment Variables:
JAVA_HOME=C:\Program Files\Java\jdk1.8.0_45
PATH=C:/Program Files/Java/jre1.8.0_91/bin/server;C:/Program Files/Java/jre1.8.0_91/bin;C:/Program Files/Java/jre1.8.0_91/lib/amd64;C:\desarrollo\3.-software\1.-instalado\cygwin64\bin;C:\ProgramData\Oracle\Java\javapath;C:\Program Files (x86)\Intel\iCLS Client\;C:\Program Files\Intel\iCLS Client\;C:\WINDOWS\system32;C:\WINDOWS;C:\WINDOWS\System32\Wbem;C:\WINDOWS\System32\WindowsPowerShell\v1.0\;C:\Program Files (x86)\Intel\Intel(R) Management Engine Components\DAL;C:\Program Files\Intel\Intel(R) Management Engine Components\DAL;C:\Program Files (x86)\Intel\Intel(R) Management Engine Components\IPT;C:\Program Files\Intel\Intel(R) Management Engine Components\IPT;C:\Program Files (x86)\MySQL\MySQL Server 5.5\bin;C:\Program Files\Git\cmd;C:\Program Files\Git\mingw64\bin;C:\Program Files\Git\usr\bin;C:\Users\jainigo\AppData\Roaming\npm;C:\Users\jinga4x\AppData\Roaming\npm;C:\desarrollo\3.-software\1.-instalado\apache\apache-maven-3.3.9\bin;C:\Program Files\TortoiseSVN\bin;C:\Program Files (x86)\Firefox Developer Edition;C:\Program Files (x86)\scala\bin;C:\Ruby22-x64\bin;C:\desarrollo\3.-software\1.-instalado\redhat\openshift;C:\desarrollo\3.-software\1.-instalado\otros\Redis\;C:\Program Files (x86)\IBM\Personal Communications\;C:\Program Files (x86)\IBM\Trace Facility\;C:\Program Files\nodejs\;C:\Program Files (x86)\Common Files\Acronis\VirtualFile\;C:\Program Files (x86)\Common Files\Acronis\VirtualFile64\;C:\Program Files (x86)\Common Files\Acronis\SnapAPI\;C:\;;C:\Users\jinga4x\AppData\Local\Microsoft\WindowsApps;C:\Users\jinga4x\AppData\Roaming\npm;C:\Program Files\Docker Toolbox;C:\desarrollo\3.-software\1.-instalado\spring\sts-bundle\sts-3.8.3.RELEASE;
USERNAME=JINGA4X
OS=Windows_NT
PROCESSOR_IDENTIFIER=Intel64 Family 6 Model 61 Stepping 4, GenuineIntel



---------------  S Y S T E M  ---------------

OS: Windows 10.0 , 64 bit Build 14393 (10.0.14393.0)

CPU:total 4 (2 cores per cpu, 2 threads per core) family 6 model 61 stepping 4, cmov, cx8, fxsr, mmx, sse, sse2, sse3, ssse3, sse4.1, sse4.2, popcnt, avx, avx2, aes, clmul, erms, 3dnowpref, lzcnt, ht, tsc, tscinvbit, bmi1, bmi2, adx

Memory: 4k page, physical 8116408k(1676980k free), swap 15492884k(2114020k free)

vm_info: Java HotSpot(TM) 64-Bit Server VM (25.91-b15) for windows-amd64 JRE (1.8.0_91-b15), built on May 20 2016 17:43:15 by "java_re" with MS VC++ 10.0 (VS2010)

time: Thu Feb 16 16:23:57 2017
elapsed time: 326 seconds (0d 0h 5m 26s)

